<?xml version="1.0" encoding="UTF-8"?>
<!-- Generated by org.testng.reporters.JUnitReportReporter -->
<testsuite skipped="0" hostname="kartikey" name="TestNG.Parameterization" tests="1" failures="0" timestamp="16 Jun 2019 17:13:23 GMT" time="11.398" errors="0">
  <testcase name="Loginfacebook" time="11.398" classname="TestNG.Parameterization"/>
</testsuite> <!-- TestNG.Parameterization -->
