<?xml version="1.0" encoding="UTF-8"?>
<!-- Generated by org.testng.reporters.JUnitReportReporter -->
<testsuite skipped="0" hostname="kartikey" name="screenShot.FacebookScreenShot" tests="1" failures="0" timestamp="07 Jul 2019 16:57:24 GMT" time="11.164" errors="0">
  <testcase name="captureScreenShot" time="11.164" classname="screenShot.FacebookScreenShot"/>
</testsuite> <!-- screenShot.FacebookScreenShot -->
