<?xml version="1.0" encoding="UTF-8"?>
<!-- Generated by org.testng.reporters.JUnitReportReporter -->
<testsuite skipped="0" hostname="kartikey" name="TestNG.MultiBrowserParallerTesting" tests="2" failures="0" timestamp="16 Jun 2019 17:33:56 GMT" time="36.223" errors="0">
  <testcase name="invokeBrowser" time="15.997" classname="TestNG.MultiBrowserParallerTesting"/>
  <testcase name="invokeBrowser" time="20.226" classname="TestNG.MultiBrowserParallerTesting"/>
</testsuite> <!-- TestNG.MultiBrowserParallerTesting -->
