<?xml version="1.0" encoding="UTF-8"?>
<!-- Generated by org.testng.reporters.JUnitReportReporter -->
<testsuite skipped="1" hostname="kartikey" name="DDT.DemoTours2_UsingExcel_v1" tests="1" failures="0" timestamp="29 Jun 2019 17:43:43 GMT" time="0.000" errors="0">
  <testcase name="loginToDemoTours" time="0.000" classname="DDT.DemoTours2_UsingExcel_v1">
    <skipped/>
  </testcase> <!-- loginToDemoTours -->
</testsuite> <!-- DDT.DemoTours2_UsingExcel_v1 -->
