<?xml version="1.0" encoding="UTF-8"?>
<!-- Generated by org.testng.reporters.JUnitReportReporter -->
<testsuite skipped="0" hostname="kartikey" name="DDT.DemoTours" tests="3" failures="0" timestamp="29 Jun 2019 16:16:29 GMT" time="43.249" errors="0">
  <testcase name="loginToDemoTours" time="15.361" classname="DDT.DemoTours"/>
  <testcase name="loginToDemoTours" time="13.951" classname="DDT.DemoTours"/>
  <testcase name="loginToDemoTours" time="13.937" classname="DDT.DemoTours"/>
</testsuite> <!-- DDT.DemoTours -->
