<?xml version="1.0" encoding="UTF-8"?>
<!-- Generated by org.testng.reporters.JUnitReportReporter -->
<testsuite skipped="0" hostname="kartikey" name="testng.Demo1" tests="3" failures="0" timestamp="16 Jun 2019 15:47:59 GMT" time="0.026" errors="0">
  <testcase name="f3" time="0.002" classname="testng.Demo1"/>
  <testcase name="f" time="0.021" classname="testng.Demo1"/>
  <testcase name="f1" time="0.003" classname="testng.Demo1"/>
</testsuite> <!-- testng.Demo1 -->
