<?xml version="1.0" encoding="UTF-8"?>
<!-- Generated by org.testng.reporters.JUnitReportReporter -->
<testsuite skipped="0" hostname="kartikey" name="headLessBrowserTesting.TestHeadLessBrowser" tests="1" failures="0" timestamp="07 Jul 2019 06:05:48 GMT" time="4.683" errors="0">
  <testcase name="verifyFaceBookTitle" time="4.683" classname="headLessBrowserTesting.TestHeadLessBrowser"/>
</testsuite> <!-- headLessBrowserTesting.TestHeadLessBrowser -->
