<?xml version="1.0" encoding="UTF-8"?>
<!-- Generated by org.testng.reporters.JUnitReportReporter -->
<testsuite skipped="0" hostname="kartikey" name="headLessBrowserTesting.PhantomJS" tests="1" failures="0" timestamp="07 Jul 2019 10:04:16 GMT" time="8.340" errors="0">
  <testcase name="verifyFaceBookTitle" time="8.340" classname="headLessBrowserTesting.PhantomJS"/>
</testsuite> <!-- headLessBrowserTesting.PhantomJS -->
