<?xml version="1.0" encoding="UTF-8"?>
<!-- Generated by org.testng.reporters.JUnitReportReporter -->
<testsuite skipped="0" hostname="kartikey" name="TestNG.AnnotationClass" tests="4" failures="0" timestamp="16 Jun 2019 07:08:02 GMT" time="0.014" errors="0">
  <testcase name="f1" time="0.008" classname="TestNG.AnnotationClass"/>
  <testcase name="f2" time="0.002" classname="TestNG.AnnotationClass"/>
  <testcase name="f3" time="0.002" classname="TestNG.AnnotationClass"/>
  <testcase name="f4" time="0.002" classname="TestNG.AnnotationClass"/>
</testsuite> <!-- TestNG.AnnotationClass -->
