<?xml version="1.0" encoding="UTF-8"?>
<!-- Generated by org.testng.reporters.JUnitReportReporter -->
<testsuite skipped="0" hostname="kartikey" name="keyWordDrivenFramework.Application" tests="1" failures="0" timestamp="30 Jun 2019 11:33:02 GMT" time="9.117" errors="0">
  <testcase name="applicationTest" time="9.117" classname="keyWordDrivenFramework.Application"/>
</testsuite> <!-- keyWordDrivenFramework.Application -->
