<?xml version="1.0" encoding="UTF-8"?>
<!-- Generated by org.testng.reporters.JUnitReportReporter -->
<testsuite skipped="0" hostname="kartikey" name="edu.TestCase.VerifyValidLogin" tests="1" failures="0" timestamp="23 Jun 2019 17:11:09 GMT" time="15.351" errors="0">
  <testcase name="checkValidUser" time="15.351" classname="edu.TestCase.VerifyValidLogin"/>
</testsuite> <!-- edu.TestCase.VerifyValidLogin -->
