<?xml version="1.0" encoding="UTF-8"?>
<!-- Generated by org.testng.reporters.JUnitReportReporter -->
<testsuite skipped="0" hostname="kartikey" name="com.TestCase.VerifyStoreLogin" tests="1" failures="0" timestamp="23 Jun 2019 16:07:02 GMT" time="18.781" errors="0">
  <testcase name="VerifyStore" time="18.781" classname="com.TestCase.VerifyStoreLogin"/>
</testsuite> <!-- com.TestCase.VerifyStoreLogin -->
